<?xml version="1.0" encoding="UTF-8"?>
<!-- Generated by org.testng.reporters.JUnitXMLReporter -->
<testsuite ignored="0" hostname="SeenaReddy" failures="0" tests="15" name="MyTestResults_Build_1.2.54" time="110.377" errors="0" timestamp="2024-09-04T05:31:10 MDT">
  <testcase classname="testNG.FirstTestNG_Assignment" name="f" time="50.682"/>
  <testcase classname="testNG.BlazeDemo" name="f" time="10.487"/>
  <testcase classname="testNG.FB" name="f" time="9.734"/>
  <testcase classname="testNG.DataProviderDemo" name="d" time="0.002"/>
  <testcase classname="testNG.DataProviderDemo" name="d" time="0.002"/>
  <testcase classname="testNG.DataProviderDemo" name="d" time="0.002"/>
  <testcase classname="testNG.DataProviderDemo" name="f" time="0.005"/>
  <testcase classname="testNG.DataProviderDemo" name="f" time="0.004"/>
  <testcase classname="testNG.DataProviderDemo" name="f" time="0.004"/>
  <testcase classname="testNG.ScreenshotDemo" name="f" time="6.881"/>
  <testcase classname="testNG.TestCaseExecution_Assignment11" name="tc_01" time="1.934"/>
  <testcase classname="testNG.TestCaseExecution_Assignment11" name="tc_02" time="1.262"/>
  <testcase classname="testNG.TestCaseExecution_Assignment11" name="tc_03" time="6.491"/>
  <testcase classname="testNG.TestCaseExecution_Assignment11" name="tc_04" time="5.694"/>
  <testcase classname="testNG.FirstProgram" name="f" time="0.002"/>
</testsuite> <!-- MyTestResults_Build_1.2.54 -->
